0 info it worked if it ends with ok
1 verbose cli [ 'node', '/usr/local/bin/npm', 'install', '-g', 'yo' ]
2 info using npm@2.1.17
3 info using node@v0.10.35
4 verbose node symlink /usr/local/bin/node
5 silly cache add args [ 'yo', null ]
6 verbose cache add spec yo
7 silly cache add parsed spec { raw: 'yo',
7 silly cache add   scope: null,
7 silly cache add   name: 'yo',
7 silly cache add   rawSpec: '',
7 silly cache add   spec: '*',
7 silly cache add   type: 'range' }
8 verbose addNamed yo@*
9 silly addNamed semver.valid null
10 silly addNamed semver.validRange *
11 silly addNameRange { name: 'yo', range: '*', hasData: false }
12 silly mapToRegistry name yo
13 silly mapToRegistry using default registry
14 silly mapToRegistry registry https://registry.npmjs.org/
15 silly mapToRegistry uri https://registry.npmjs.org/yo
16 verbose addNameRange registry:https://registry.npmjs.org/yo not in flight; fetching
17 verbose request uri https://registry.npmjs.org/yo
18 verbose request no auth needed
19 info attempt registry request try #1 at 15:32:24
20 verbose request id 6aa565ce0fe01cdf
21 http request GET https://registry.npmjs.org/yo
22 http 200 https://registry.npmjs.org/yo
23 silly get cb [ 200,
23 silly get   { server: 'CouchDB/1.5.0 (Erlang OTP/R16B03)',
23 silly get     etag: '"7RA75VJLP1YR9U9FI7O0TZOE4"',
23 silly get     'content-type': 'application/json',
23 silly get     'cache-control': 'max-age=60',
23 silly get     'content-length': '31150',
23 silly get     'accept-ranges': 'bytes',
23 silly get     date: 'Mon, 18 May 2015 20:32:24 GMT',
23 silly get     via: '1.1 varnish',
23 silly get     age: '0',
23 silly get     connection: 'keep-alive',
23 silly get     'x-served-by': 'cache-dfw1834-DFW',
23 silly get     'x-cache': 'HIT',
23 silly get     'x-cache-hits': '1',
23 silly get     'x-timer': 'S1431981144.860885,VS0,VE63',
23 silly get     vary: 'Accept' } ]
24 silly addNameRange number 2 { name: 'yo', range: '*', hasData: true }
25 silly addNameRange versions [ 'yo',
25 silly addNameRange   [ '1.1.0',
25 silly addNameRange     '1.1.1',
25 silly addNameRange     '1.1.2',
25 silly addNameRange     '1.2.0',
25 silly addNameRange     '1.2.1',
25 silly addNameRange     '1.3.0',
25 silly addNameRange     '1.3.2',
25 silly addNameRange     '1.3.3',
25 silly addNameRange     '1.4.1',
25 silly addNameRange     '1.4.2',
25 silly addNameRange     '1.4.4',
25 silly addNameRange     '1.4.5',
25 silly addNameRange     '1.4.6' ] ]
26 verbose addNamed yo@1.4.6
27 silly addNamed semver.valid 1.4.6
28 silly addNamed semver.validRange 1.4.6
29 silly mapToRegistry name yo
30 silly mapToRegistry using default registry
31 silly mapToRegistry registry https://registry.npmjs.org/
32 silly mapToRegistry uri https://registry.npmjs.org/yo
33 verbose addRemoteTarball https://registry.npmjs.org/yo/-/yo-1.4.6.tgz not in flight; adding
34 verbose addRemoteTarball [ 'https://registry.npmjs.org/yo/-/yo-1.4.6.tgz',
34 verbose addRemoteTarball   '16e03e9af7be4805ef6142cdbb1d15f33504b37b' ]
35 info retry fetch attempt 1 at 15:32:25
36 info attempt registry request try #1 at 15:32:25
37 http fetch GET https://registry.npmjs.org/yo/-/yo-1.4.6.tgz
38 http fetch 200 https://registry.npmjs.org/yo/-/yo-1.4.6.tgz
39 silly fetchAndShaCheck shasum 16e03e9af7be4805ef6142cdbb1d15f33504b37b
40 verbose addTmpTarball /var/folders/mm/79j2yv2104l561bcs_0ct5ww0000gs/T/npm-4473-eb62fdcb/registry.npmjs.org/yo/-/yo-1.4.6.tgz not in flight; adding
41 verbose addTmpTarball already have metadata; skipping unpack for yo@1.4.6
42 silly cache afterAdd yo@1.4.6
43 verbose afterAdd /Users/ddropik/.npm/yo/1.4.6/package/package.json not in flight; writing
44 verbose afterAdd /Users/ddropik/.npm/yo/1.4.6/package/package.json written
45 silly install resolved [ { name: 'yo',
45 silly install resolved     version: '1.4.6',
45 silly install resolved     description: 'CLI tool for running Yeoman generators',
45 silly install resolved     license: 'BSD',
45 silly install resolved     bin: { yo: 'lib/cli.js' },
45 silly install resolved     author: { name: 'Yeoman team' },
45 silly install resolved     repository: { type: 'git', url: 'https://github.com/yeoman/yo' },
45 silly install resolved     engines: { node: '>=0.10.0', npm: '>=2.1.0' },
45 silly install resolved     scripts:
45 silly install resolved      { test: 'jshint . && mocha test/**/*.js',
45 silly install resolved        postinstall: 'yodoctor',
45 silly install resolved        postupdate: 'yodoctor',
45 silly install resolved        prepublish: 'nsp audit-package' },
45 silly install resolved     files: [ 'lib' ],
45 silly install resolved     keywords:
45 silly install resolved      [ 'cli-app',
45 silly install resolved        'cli',
45 silly install resolved        'bin',
45 silly install resolved        'front-end',
45 silly install resolved        'development',
45 silly install resolved        'dev',
45 silly install resolved        'build',
45 silly install resolved        'web',
45 silly install resolved        'tool',
45 silly install resolved        'scaffold',
45 silly install resolved        'stack',
45 silly install resolved        'yeoman',
45 silly install resolved        'generator',
45 silly install resolved        'generate',
45 silly install resolved        'app',
45 silly install resolved        'boilerplate' ],
45 silly install resolved     dependencies:
45 silly install resolved      { 'array-uniq': '^1.0.2',
45 silly install resolved        async: '^0.9.0',
45 silly install resolved        chalk: '^1.0.0',
45 silly install resolved        configstore: '^0.3.1',
45 silly install resolved        'cross-spawn': '^0.2.3',
45 silly install resolved        figures: '^1.3.5',
45 silly install resolved        findup: '^0.1.5',
45 silly install resolved        fullname: '^1.0.0',
45 silly install resolved        got: '^2.4.0',
45 silly install resolved        'humanize-string': '^1.0.0',
45 silly install resolved        inquirer: '^0.8.0',
45 silly install resolved        insight: '^0.5.0',
45 silly install resolved        lodash: '^3.2.0',
45 silly install resolved        meow: '^3.0.0',
45 silly install resolved        'npm-keyword': '^1.1.1',
45 silly install resolved        opn: '^1.0.0',
45 silly install resolved        'package-json': '^1.1.0',
45 silly install resolved        'root-check': '^1.0.0',
45 silly install resolved        'sort-on': '^1.0.0',
45 silly install resolved        'string-length': '^1.0.0',
45 silly install resolved        titleize: '^1.0.0',
45 silly install resolved        'update-notifier': '^0.3.0',
45 silly install resolved        'user-home': '^1.1.0',
45 silly install resolved        'yeoman-character': '^1.0.0',
45 silly install resolved        'yeoman-doctor': '^1.0.0',
45 silly install resolved        'yeoman-environment': '^1.0.1',
45 silly install resolved        yosay: '^1.0.0' },
45 silly install resolved     devDependencies:
45 silly install resolved      { jshint: '^2.5.11',
45 silly install resolved        mocha: '^2.1.0',
45 silly install resolved        mockery: '^1.4.0',
45 silly install resolved        nock: '^0.59.1',
45 silly install resolved        nsp: '*',
45 silly install resolved        proxyquire: '^1.0.1',
45 silly install resolved        'registry-url': '^3.0.0',
45 silly install resolved        sinon: '^1.12.1' },
45 silly install resolved     preferGlobal: true,
45 silly install resolved     gitHead: '987fe12a608e7b6318c2563a6140583e796d9db5',
45 silly install resolved     bugs: { url: 'https://github.com/yeoman/yo/issues' },
45 silly install resolved     homepage: 'https://github.com/yeoman/yo',
45 silly install resolved     _id: 'yo@1.4.6',
45 silly install resolved     _shasum: '16e03e9af7be4805ef6142cdbb1d15f33504b37b',
45 silly install resolved     _from: 'yo@*',
45 silly install resolved     _npmVersion: '1.4.28',
45 silly install resolved     _npmUser: { name: 'sindresorhus', email: 'sindresorhus@gmail.com' },
45 silly install resolved     maintainers: [ [Object], [Object], [Object], [Object], [Object], [Object] ],
45 silly install resolved     dist:
45 silly install resolved      { shasum: '16e03e9af7be4805ef6142cdbb1d15f33504b37b',
45 silly install resolved        tarball: 'http://registry.npmjs.org/yo/-/yo-1.4.6.tgz' },
45 silly install resolved     directories: {},
45 silly install resolved     _resolved: 'https://registry.npmjs.org/yo/-/yo-1.4.6.tgz' } ]
46 info install yo@1.4.6 into /usr/local/lib
47 info installOne yo@1.4.6
48 verbose installOne of yo to /usr/local/lib not in flight; installing
49 verbose lock using /Users/ddropik/.npm/_locks/yo-c80abb7e04f27e35.lock for /usr/local/lib/node_modules/yo
50 silly install write writing yo 1.4.6 to /usr/local/lib/node_modules/yo
51 silly cache addNamed cb yo@1.4.6
52 verbose unbuild lib/node_modules/yo
53 verbose gentlyRm vacuuming /usr/local/lib/node_modules/yo
54 verbose tar unpack /Users/ddropik/.npm/yo/1.4.6/package.tgz
55 verbose tar unpacking to /usr/local/lib/node_modules/yo
56 verbose gentlyRm vacuuming /usr/local/lib/node_modules/yo
57 silly gunzTarPerm modes [ '755', '644' ]
58 error tar.unpack untar error /Users/ddropik/.npm/yo/1.4.6/package.tgz
59 verbose unlock done using /Users/ddropik/.npm/_locks/yo-c80abb7e04f27e35.lock for /usr/local/lib/node_modules/yo
60 verbose fstream_path /usr/local/lib/node_modules/yo
61 verbose fstream_type Directory
62 verbose fstream_class DirWriter
63 verbose stack Error: EACCES, mkdir '/usr/local/lib/node_modules/yo'
64 verbose fstream_stack /usr/local/lib/node_modules/npm/node_modules/fstream/lib/dir-writer.js:36:23
64 verbose fstream_stack /usr/local/lib/node_modules/npm/node_modules/mkdirp/index.js:46:53
64 verbose fstream_stack Object.oncomplete (fs.js:108:15)
65 verbose cwd /Users/ddropik/Desktop/calssetup/hostcals/wp-content/themes/jacksonlab
66 error Darwin 14.3.0
67 error argv "node" "/usr/local/bin/npm" "install" "-g" "yo"
68 error node v0.10.35
69 error npm  v2.1.17
70 error path /usr/local/lib/node_modules/yo
71 error code EACCES
72 error errno 3
73 error Error: EACCES, mkdir '/usr/local/lib/node_modules/yo'
73 error  { [Error: EACCES, mkdir '/usr/local/lib/node_modules/yo']
73 error   errno: 3,
73 error   code: 'EACCES',
73 error   path: '/usr/local/lib/node_modules/yo',
73 error   fstream_type: 'Directory',
73 error   fstream_path: '/usr/local/lib/node_modules/yo',
73 error   fstream_class: 'DirWriter',
73 error   fstream_stack:
73 error    [ '/usr/local/lib/node_modules/npm/node_modules/fstream/lib/dir-writer.js:36:23',
73 error      '/usr/local/lib/node_modules/npm/node_modules/mkdirp/index.js:46:53',
73 error      'Object.oncomplete (fs.js:108:15)' ] }
74 error Please try running this command again as root/Administrator.
75 verbose exit [ 3, true ]
76 verbose unbuild lib/node_modules/yo
77 verbose gentlyRm vacuuming /usr/local/lib/node_modules/yo
